Password Generated: mRFfHqCOIu
Password Generated: vxlBEDWMDQ
Password Generated: hYOoVQFrig
Password Generated: ITSUpDTjti
Password Generated: HZYlOaGIkp
Password Generated: WdTBxpdHEI
Password Generated: xymYvfPiCu
Password Generated: BmZSFhaxld
Password Generated: SuPWbbZpwK
Password Generated: PqruGyRznI
Password Generated: YKbZHeqabE
Password Generated: UqgmRGhnpU
Password Generated: brsTmRVwfh
Password Generated: ctxiizfoKI
Password Generated: WTaCRMTIsJ
Password Generated: VVcDTysYBH
Password Generated: JWSqiugmmg
Password Generated: XadbuihogS
Password Generated: uMilPKntuH
Password Generated: OMZHhCbsJc
Password Generated: NIXUzlNKrp
Password Generated: SjhpnsivuP
Password Generated: dyEBHZyTUH
Password Generated: FOUuamhAnj
Password Generated: JyasSsVxkk
Password Generated: UwAywkNvMW
Password Generated: IZKiyjlYgc
Password Generated: thLzIeyNUo
Password Generated: gjpMbTAPQx
Password Generated: MWHsQPoQlK
Password Generated: cqLdQLyVSy
Password Generated: GpekOSDIxv
Password Generated: IcJyCSbUvA
Password Generated: HAQoyRUqBd
Password Generated: wuMVlognkA
Password Generated: TtBuZzoCcz
Password Generated: HwGLkpNuou
Password Generated: vffaBfoRvn
Password Generated: qGzIqeChOm
Password Generated: BAILuNDasc
Password Generated: AlBQBjKDFW
